2022-05-31 16:17:01,878: [14] m.main:INFO: Registered plugins: IntrospectionAPIPlugin, <class 'manticore.ethereum.plugins.SkipRevertBasicBlocks'>, <class 'manticore.ethereum.plugins.FilterFunctions'>
2022-05-31 16:17:01,879: [14] m.main:INFO: Beginning analysis
2022-05-31 16:17:01,882: [14] m.e.manticore:INFO: Starting symbolic create contract
2022-05-31 16:18:01,303: [14] m.e.manticore:INFO: Starting symbolic transaction: 0
2022-05-31 16:18:56,235: [14] m.e.manticore:INFO: Found a concrete globalsha3 b'\x00\x00\x00\x00\x00\x00\x00\x00\x00\x00\x00\x00\x00\x00\x00\x00\x00\x00\x00\x00\x00\x00\x00\x00\x00\x00\x00\x00\x00\x02\x00\x00\x00\x00\x00\x00\x00\x00\x00\x00\x00\x00\x00\x00\x00\x00\x00\x00\x00\x00\x00\x00\x00\x00\x00\x00\x00\x00\x00\x00\x00\x00\x00\x00' -> 73138091548938366139099779971772605061518111956507126412222883840269740007539
2022-05-31 16:21:20,993: [14] m.e.manticore:INFO: 4 alive states, 4 terminated states
2022-05-31 16:21:59,894: [14] m.e.manticore:INFO: Starting symbolic transaction: 1
2022-05-31 16:37:30,575: [14] m.e.manticore:INFO: 16 alive states, 13 terminated states
2022-05-31 16:38:11,079: [108] m.c.manticore:INFO: Generated testcase No. 0 - STOP(3 txs)
2022-05-31 16:38:11,081: [108] m.c.plugin:WARNING: Caught will_solve in state None, but failed to capture its initialization
2022-05-31 16:38:11,347: [116] m.c.manticore:INFO: Generated testcase No. 2 - STOP(3 txs)
2022-05-31 16:38:11,348: [116] m.c.plugin:WARNING: Caught will_solve in state None, but failed to capture its initialization
2022-05-31 16:38:11,350: [113] m.c.manticore:INFO: Generated testcase No. 1 - STOP(3 txs)
2022-05-31 16:38:11,351: [113] m.c.plugin:WARNING: Caught will_solve in state None, but failed to capture its initialization
2022-05-31 16:38:11,353: [115] m.c.manticore:INFO: Generated testcase No. 3 - STOP(3 txs)
2022-05-31 16:38:11,354: [115] m.c.plugin:WARNING: Caught will_solve in state None, but failed to capture its initialization
2022-05-31 16:38:11,411: [121] m.c.manticore:INFO: Generated testcase No. 4 - STOP(3 txs)
2022-05-31 16:38:11,413: [121] m.c.plugin:WARNING: Caught will_solve in state None, but failed to capture its initialization
2022-05-31 16:38:11,430: [114] m.c.manticore:INFO: Generated testcase No. 6 - STOP(3 txs)
2022-05-31 16:38:11,432: [114] m.c.plugin:WARNING: Caught will_solve in state None, but failed to capture its initialization
2022-05-31 16:38:11,433: [119] m.c.manticore:INFO: Generated testcase No. 5 - STOP(3 txs)
2022-05-31 16:38:11,434: [119] m.c.plugin:WARNING: Caught will_solve in state None, but failed to capture its initialization
2022-05-31 16:38:11,448: [111] m.c.manticore:INFO: Generated testcase No. 8 - STOP(3 txs)
2022-05-31 16:38:11,450: [111] m.c.plugin:WARNING: Caught will_solve in state None, but failed to capture its initialization
2022-05-31 16:38:11,469: [110] m.c.manticore:INFO: Generated testcase No. 7 - STOP(3 txs)
2022-05-31 16:38:11,470: [118] m.c.manticore:INFO: Generated testcase No. 9 - STOP(3 txs)
2022-05-31 16:38:11,471: [118] m.c.plugin:WARNING: Caught will_solve in state None, but failed to capture its initialization
2022-05-31 16:38:11,471: [110] m.c.plugin:WARNING: Caught will_solve in state None, but failed to capture its initialization
2022-05-31 16:38:11,484: [120] m.c.manticore:INFO: Generated testcase No. 11 - STOP(3 txs)
2022-05-31 16:38:11,485: [120] m.c.plugin:WARNING: Caught will_solve in state None, but failed to capture its initialization
2022-05-31 16:38:11,515: [109] m.c.manticore:INFO: Generated testcase No. 10 - STOP(3 txs)
2022-05-31 16:38:11,517: [109] m.c.plugin:WARNING: Caught will_solve in state None, but failed to capture its initialization
2022-05-31 16:40:15,986: [119] m.c.manticore:INFO: Generated testcase No. 12 - STOP(3 txs)
2022-05-31 16:40:18,452: [116] m.c.manticore:INFO: Generated testcase No. 13 - STOP(3 txs)
2022-05-31 16:40:18,883: [115] m.c.manticore:INFO: Generated testcase No. 14 - STOP(3 txs)
2022-05-31 16:40:21,323: [118] m.c.manticore:INFO: Generated testcase No. 15 - STOP(3 txs)
2022-05-31 16:43:09,652: [14] m.c.manticore:INFO: Results in /mcore_fn_um72r
2022-05-31 16:43:09,652: [14] m.c.manticore:INFO: Total time: 1269.2570168972015
2022-05-31 16:43:10,727: [160] m.main:INFO: Registered plugins: IntrospectionAPIPlugin, <class 'manticore.ethereum.plugins.SkipRevertBasicBlocks'>, <class 'manticore.ethereum.plugins.FilterFunctions'>
2022-05-31 16:43:10,727: [160] m.main:INFO: Beginning analysis
2022-05-31 16:43:10,731: [160] m.e.manticore:INFO: Starting symbolic create contract
2022-05-31 16:43:12,184: [160] m.e.manticore:INFO: Starting symbolic transaction: 0
2022-05-31 16:43:17,374: [160] m.c.worker:ERROR: Exception in state 10: ManticoreError('Forking on unfeasible constraint set')
Traceback (most recent call last):
  File "/usr/local/lib/python3.7/dist-packages/manticore/core/worker.py", line 137, in run
    current_state.execute()
  File "/usr/local/lib/python3.7/dist-packages/manticore/ethereum/state.py", line 8, in execute
    return self._platform.execute()
  File "/usr/local/lib/python3.7/dist-packages/manticore/platforms/evm.py", line 3106, in execute
    self.current_vm.execute()
  File "/usr/local/lib/python3.7/dist-packages/manticore/platforms/evm.py", line 1322, in execute
    raise Concretize("Symbolic PC", expression=expression, setstate=setstate, policy="ALL")
manticore.core.state.Concretize

During handling of the above exception, another exception occurred:

Traceback (most recent call last):
  File "/usr/local/lib/python3.7/dist-packages/manticore/core/worker.py", line 158, in run
    m._fork(current_state, exc.expression, exc.policy, exc.setstate, exc.values)
  File "/usr/local/lib/python3.7/dist-packages/manticore/core/manticore.py", line 518, in _fork
    raise ManticoreError("Forking on unfeasible constraint set")
manticore.exceptions.ManticoreError: Forking on unfeasible constraint set